2025-06-09T16:05:27.620+05:30  INFO 12651 --- [spring-example] [restartedMain] c.g.p.PetvacinationApplication           : Starting PetvacinationApplication using Java 22.0.1 with PID 12651 (/Users/krethik/Desktop/petvacination/target/classes started by krethik in /Users/krethik/Desktop/petvacination)
2025-06-09T16:05:27.621+05:30 DEBUG 12651 --- [spring-example] [restartedMain] c.g.p.PetvacinationApplication           : Running with Spring Boot v3.5.0, Spring v6.2.7
2025-06-09T16:05:27.622+05:30  INFO 12651 --- [spring-example] [restartedMain] c.g.p.PetvacinationApplication           : The following 2 profiles are active: "prod", "log"
2025-06-09T16:05:27.648+05:30  INFO 12651 --- [spring-example] [restartedMain] .e.DevToolsPropertyDefaultsPostProcessor : Devtools property defaults active! Set 'spring.devtools.add-properties' to 'false' to disable
2025-06-09T16:05:27.648+05:30  INFO 12651 --- [spring-example] [restartedMain] .e.DevToolsPropertyDefaultsPostProcessor : For additional web related logging consider setting the 'logging.level.web' property to 'DEBUG'
2025-06-09T16:05:27.985+05:30  INFO 12651 --- [spring-example] [restartedMain] .s.d.r.c.RepositoryConfigurationDelegate : Bootstrapping Spring Data JPA repositories in DEFAULT mode.
2025-06-09T16:05:28.012+05:30  INFO 12651 --- [spring-example] [restartedMain] .s.d.r.c.RepositoryConfigurationDelegate : Finished Spring Data repository scanning in 22 ms. Found 1 JPA repository interface.
2025-06-09T16:05:28.240+05:30  INFO 12651 --- [spring-example] [restartedMain] o.s.b.w.embedded.tomcat.TomcatWebServer  : Tomcat initialized with port 8081 (http)
2025-06-09T16:05:28.248+05:30  INFO 12651 --- [spring-example] [restartedMain] o.apache.catalina.core.StandardService   : Starting service [Tomcat]
2025-06-09T16:05:28.248+05:30  INFO 12651 --- [spring-example] [restartedMain] o.apache.catalina.core.StandardEngine    : Starting Servlet engine: [Apache Tomcat/10.1.41]
2025-06-09T16:05:28.264+05:30  INFO 12651 --- [spring-example] [restartedMain] o.a.c.c.C.[Tomcat].[localhost].[/]       : Initializing Spring embedded WebApplicationContext
2025-06-09T16:05:28.264+05:30  INFO 12651 --- [spring-example] [restartedMain] w.s.c.ServletWebServerApplicationContext : Root WebApplicationContext: initialization completed in 615 ms
2025-06-09T16:05:28.296+05:30  WARN 12651 --- [spring-example] [restartedMain] ConfigServletWebServerApplicationContext : Exception encountered during context initialization - cancelling refresh attempt: org.springframework.beans.factory.BeanCreationException: Error creating bean with name 'entityManagerFactory' defined in class path resource [org/springframework/boot/autoconfigure/orm/jpa/HibernateJpaConfiguration.class]: Failed to initialize dependency 'dataSourceScriptDatabaseInitializer' of LoadTimeWeaverAware bean 'entityManagerFactory': Error creating bean with name 'dataSourceScriptDatabaseInitializer' defined in class path resource [org/springframework/boot/autoconfigure/sql/init/DataSourceInitializationConfiguration.class]: Unsatisfied dependency expressed through method 'dataSourceScriptDatabaseInitializer' parameter 0: Error creating bean with name 'dataSource' defined in class path resource [org/springframework/boot/autoconfigure/jdbc/DataSourceConfiguration$Hikari.class]: Failed to instantiate [com.zaxxer.hikari.HikariDataSource]: Factory method 'dataSource' threw exception with message: 'url' must start with "jdbc"
2025-06-09T16:05:28.297+05:30  INFO 12651 --- [spring-example] [restartedMain] o.apache.catalina.core.StandardService   : Stopping service [Tomcat]
2025-06-09T16:05:28.306+05:30  INFO 12651 --- [spring-example] [restartedMain] .s.b.a.l.ConditionEvaluationReportLogger : 

Error starting ApplicationContext. To display the condition evaluation report re-run your application with 'debug' enabled.
2025-06-09T16:05:28.314+05:30 ERROR 12651 --- [spring-example] [restartedMain] o.s.boot.SpringApplication               : Application run failed

org.springframework.beans.factory.BeanCreationException: Error creating bean with name 'entityManagerFactory' defined in class path resource [org/springframework/boot/autoconfigure/orm/jpa/HibernateJpaConfiguration.class]: Failed to initialize dependency 'dataSourceScriptDatabaseInitializer' of LoadTimeWeaverAware bean 'entityManagerFactory': Error creating bean with name 'dataSourceScriptDatabaseInitializer' defined in class path resource [org/springframework/boot/autoconfigure/sql/init/DataSourceInitializationConfiguration.class]: Unsatisfied dependency expressed through method 'dataSourceScriptDatabaseInitializer' parameter 0: Error creating bean with name 'dataSource' defined in class path resource [org/springframework/boot/autoconfigure/jdbc/DataSourceConfiguration$Hikari.class]: Failed to instantiate [com.zaxxer.hikari.HikariDataSource]: Factory method 'dataSource' threw exception with message: 'url' must start with "jdbc"
	at org.springframework.beans.factory.support.AbstractBeanFactory.doGetBean(AbstractBeanFactory.java:328) ~[spring-beans-6.2.7.jar:6.2.7]
	at org.springframework.beans.factory.support.AbstractBeanFactory.getBean(AbstractBeanFactory.java:207) ~[spring-beans-6.2.7.jar:6.2.7]
	at org.springframework.context.support.AbstractApplicationContext.finishBeanFactoryInitialization(AbstractApplicationContext.java:970) ~[spring-context-6.2.7.jar:6.2.7]
	at org.springframework.context.support.AbstractApplicationContext.refresh(AbstractApplicationContext.java:627) ~[spring-context-6.2.7.jar:6.2.7]
	at org.springframework.boot.web.servlet.context.ServletWebServerApplicationContext.refresh(ServletWebServerApplicationContext.java:146) ~[spring-boot-3.5.0.jar:3.5.0]
	at org.springframework.boot.SpringApplication.refresh(SpringApplication.java:753) ~[spring-boot-3.5.0.jar:3.5.0]
	at org.springframework.boot.SpringApplication.refreshContext(SpringApplication.java:439) ~[spring-boot-3.5.0.jar:3.5.0]
	at org.springframework.boot.SpringApplication.run(SpringApplication.java:318) ~[spring-boot-3.5.0.jar:3.5.0]
	at org.springframework.boot.SpringApplication.run(SpringApplication.java:1362) ~[spring-boot-3.5.0.jar:3.5.0]
	at org.springframework.boot.SpringApplication.run(SpringApplication.java:1351) ~[spring-boot-3.5.0.jar:3.5.0]
	at com.gevernova.petvacination.PetvacinationApplication.main(PetvacinationApplication.java:9) ~[classes/:na]
	at java.base/jdk.internal.reflect.DirectMethodHandleAccessor.invoke(DirectMethodHandleAccessor.java:103) ~[na:na]
	at java.base/java.lang.reflect.Method.invoke(Method.java:580) ~[na:na]
	at org.springframework.boot.devtools.restart.RestartLauncher.run(RestartLauncher.java:50) ~[spring-boot-devtools-3.5.0.jar:3.5.0]
Caused by: org.springframework.beans.factory.UnsatisfiedDependencyException: Error creating bean with name 'dataSourceScriptDatabaseInitializer' defined in class path resource [org/springframework/boot/autoconfigure/sql/init/DataSourceInitializationConfiguration.class]: Unsatisfied dependency expressed through method 'dataSourceScriptDatabaseInitializer' parameter 0: Error creating bean with name 'dataSource' defined in class path resource [org/springframework/boot/autoconfigure/jdbc/DataSourceConfiguration$Hikari.class]: Failed to instantiate [com.zaxxer.hikari.HikariDataSource]: Factory method 'dataSource' threw exception with message: 'url' must start with "jdbc"
	at org.springframework.beans.factory.support.ConstructorResolver.createArgumentArray(ConstructorResolver.java:804) ~[spring-beans-6.2.7.jar:6.2.7]
	at org.springframework.beans.factory.support.ConstructorResolver.instantiateUsingFactoryMethod(ConstructorResolver.java:546) ~[spring-beans-6.2.7.jar:6.2.7]
	at org.springframework.beans.factory.support.AbstractAutowireCapableBeanFactory.instantiateUsingFactoryMethod(AbstractAutowireCapableBeanFactory.java:1375) ~[spring-beans-6.2.7.jar:6.2.7]
	at org.springframework.beans.factory.support.AbstractAutowireCapableBeanFactory.createBeanInstance(AbstractAutowireCapableBeanFactory.java:1205) ~[spring-beans-6.2.7.jar:6.2.7]
	at org.springframework.beans.factory.support.AbstractAutowireCapableBeanFactory.doCreateBean(AbstractAutowireCapableBeanFactory.java:569) ~[spring-beans-6.2.7.jar:6.2.7]
	at org.springframework.beans.factory.support.AbstractAutowireCapableBeanFactory.createBean(AbstractAutowireCapableBeanFactory.java:529) ~[spring-beans-6.2.7.jar:6.2.7]
	at org.springframework.beans.factory.support.AbstractBeanFactory.lambda$doGetBean$0(AbstractBeanFactory.java:339) ~[spring-beans-6.2.7.jar:6.2.7]
	at org.springframework.beans.factory.support.DefaultSingletonBeanRegistry.getSingleton(DefaultSingletonBeanRegistry.java:373) ~[spring-beans-6.2.7.jar:6.2.7]
	at org.springframework.beans.factory.support.AbstractBeanFactory.doGetBean(AbstractBeanFactory.java:337) ~[spring-beans-6.2.7.jar:6.2.7]
	at org.springframework.beans.factory.support.AbstractBeanFactory.getBean(AbstractBeanFactory.java:202) ~[spring-beans-6.2.7.jar:6.2.7]
	at org.springframework.beans.factory.support.AbstractBeanFactory.doGetBean(AbstractBeanFactory.java:315) ~[spring-beans-6.2.7.jar:6.2.7]
	... 13 common frames omitted
Caused by: org.springframework.beans.factory.BeanCreationException: Error creating bean with name 'dataSource' defined in class path resource [org/springframework/boot/autoconfigure/jdbc/DataSourceConfiguration$Hikari.class]: Failed to instantiate [com.zaxxer.hikari.HikariDataSource]: Factory method 'dataSource' threw exception with message: 'url' must start with "jdbc"
	at org.springframework.beans.factory.support.ConstructorResolver.instantiate(ConstructorResolver.java:657) ~[spring-beans-6.2.7.jar:6.2.7]
	at org.springframework.beans.factory.support.ConstructorResolver.instantiateUsingFactoryMethod(ConstructorResolver.java:645) ~[spring-beans-6.2.7.jar:6.2.7]
	at org.springframework.beans.factory.support.AbstractAutowireCapableBeanFactory.instantiateUsingFactoryMethod(AbstractAutowireCapableBeanFactory.java:1375) ~[spring-beans-6.2.7.jar:6.2.7]
	at org.springframework.beans.factory.support.AbstractAutowireCapableBeanFactory.createBeanInstance(AbstractAutowireCapableBeanFactory.java:1205) ~[spring-beans-6.2.7.jar:6.2.7]
	at org.springframework.beans.factory.support.AbstractAutowireCapableBeanFactory.doCreateBean(AbstractAutowireCapableBeanFactory.java:569) ~[spring-beans-6.2.7.jar:6.2.7]
	at org.springframework.beans.factory.support.AbstractAutowireCapableBeanFactory.createBean(AbstractAutowireCapableBeanFactory.java:529) ~[spring-beans-6.2.7.jar:6.2.7]
	at org.springframework.beans.factory.support.AbstractBeanFactory.lambda$doGetBean$0(AbstractBeanFactory.java:339) ~[spring-beans-6.2.7.jar:6.2.7]
	at org.springframework.beans.factory.support.DefaultSingletonBeanRegistry.getSingleton(DefaultSingletonBeanRegistry.java:373) ~[spring-beans-6.2.7.jar:6.2.7]
	at org.springframework.beans.factory.support.AbstractBeanFactory.doGetBean(AbstractBeanFactory.java:337) ~[spring-beans-6.2.7.jar:6.2.7]
	at org.springframework.beans.factory.support.AbstractBeanFactory.getBean(AbstractBeanFactory.java:202) ~[spring-beans-6.2.7.jar:6.2.7]
	at org.springframework.beans.factory.support.DefaultListableBeanFactory.doResolveDependency(DefaultListableBeanFactory.java:1682) ~[spring-beans-6.2.7.jar:6.2.7]
	at org.springframework.beans.factory.support.DefaultListableBeanFactory.resolveDependency(DefaultListableBeanFactory.java:1628) ~[spring-beans-6.2.7.jar:6.2.7]
	at org.springframework.beans.factory.support.ConstructorResolver.resolveAutowiredArgument(ConstructorResolver.java:913) ~[spring-beans-6.2.7.jar:6.2.7]
	at org.springframework.beans.factory.support.ConstructorResolver.createArgumentArray(ConstructorResolver.java:791) ~[spring-beans-6.2.7.jar:6.2.7]
	... 23 common frames omitted
Caused by: org.springframework.beans.BeanInstantiationException: Failed to instantiate [com.zaxxer.hikari.HikariDataSource]: Factory method 'dataSource' threw exception with message: 'url' must start with "jdbc"
	at org.springframework.beans.factory.support.SimpleInstantiationStrategy.lambda$instantiate$0(SimpleInstantiationStrategy.java:199) ~[spring-beans-6.2.7.jar:6.2.7]
	at org.springframework.beans.factory.support.SimpleInstantiationStrategy.instantiateWithFactoryMethod(SimpleInstantiationStrategy.java:88) ~[spring-beans-6.2.7.jar:6.2.7]
	at org.springframework.beans.factory.support.SimpleInstantiationStrategy.instantiate(SimpleInstantiationStrategy.java:168) ~[spring-beans-6.2.7.jar:6.2.7]
	at org.springframework.beans.factory.support.ConstructorResolver.instantiate(ConstructorResolver.java:653) ~[spring-beans-6.2.7.jar:6.2.7]
	... 36 common frames omitted
Caused by: java.lang.IllegalArgumentException: 'url' must start with "jdbc"
	at org.springframework.util.Assert.isTrue(Assert.java:116) ~[spring-core-6.2.7.jar:6.2.7]
	at org.springframework.boot.jdbc.DatabaseDriver.fromJdbcUrl(DatabaseDriver.java:310) ~[spring-boot-3.5.0.jar:3.5.0]
	at org.springframework.boot.autoconfigure.jdbc.DataSourceProperties.findDriverClassName(DataSourceProperties.java:189) ~[spring-boot-autoconfigure-3.5.0.jar:3.5.0]
	at org.springframework.boot.autoconfigure.jdbc.DataSourceProperties.determineDriverClassName(DataSourceProperties.java:174) ~[spring-boot-autoconfigure-3.5.0.jar:3.5.0]
	at org.springframework.boot.autoconfigure.jdbc.PropertiesJdbcConnectionDetails.getDriverClassName(PropertiesJdbcConnectionDetails.java:49) ~[spring-boot-autoconfigure-3.5.0.jar:3.5.0]
	at org.springframework.boot.autoconfigure.jdbc.DataSourceConfiguration.createDataSource(DataSourceConfiguration.java:62) ~[spring-boot-autoconfigure-3.5.0.jar:3.5.0]
	at org.springframework.boot.autoconfigure.jdbc.DataSourceConfiguration$Hikari.dataSource(DataSourceConfiguration.java:127) ~[spring-boot-autoconfigure-3.5.0.jar:3.5.0]
	at java.base/jdk.internal.reflect.DirectMethodHandleAccessor.invoke(DirectMethodHandleAccessor.java:103) ~[na:na]
	at java.base/java.lang.reflect.Method.invoke(Method.java:580) ~[na:na]
	at org.springframework.beans.factory.support.SimpleInstantiationStrategy.lambda$instantiate$0(SimpleInstantiationStrategy.java:171) ~[spring-beans-6.2.7.jar:6.2.7]
	... 39 common frames omitted

2025-06-09T16:06:25.184+05:30  INFO 12658 --- [spring-example] [restartedMain] c.g.p.PetvacinationApplication           : Starting PetvacinationApplication using Java 22.0.1 with PID 12658 (/Users/krethik/Desktop/petvacination/target/classes started by krethik in /Users/krethik/Desktop/petvacination)
2025-06-09T16:06:25.185+05:30 DEBUG 12658 --- [spring-example] [restartedMain] c.g.p.PetvacinationApplication           : Running with Spring Boot v3.5.0, Spring v6.2.7
2025-06-09T16:06:25.186+05:30  INFO 12658 --- [spring-example] [restartedMain] c.g.p.PetvacinationApplication           : The following 2 profiles are active: "prod", "log"
2025-06-09T16:06:25.216+05:30  INFO 12658 --- [spring-example] [restartedMain] .e.DevToolsPropertyDefaultsPostProcessor : Devtools property defaults active! Set 'spring.devtools.add-properties' to 'false' to disable
2025-06-09T16:06:25.216+05:30  INFO 12658 --- [spring-example] [restartedMain] .e.DevToolsPropertyDefaultsPostProcessor : For additional web related logging consider setting the 'logging.level.web' property to 'DEBUG'
2025-06-09T16:06:25.570+05:30  INFO 12658 --- [spring-example] [restartedMain] .s.d.r.c.RepositoryConfigurationDelegate : Bootstrapping Spring Data JPA repositories in DEFAULT mode.
2025-06-09T16:06:25.592+05:30  INFO 12658 --- [spring-example] [restartedMain] .s.d.r.c.RepositoryConfigurationDelegate : Finished Spring Data repository scanning in 18 ms. Found 1 JPA repository interface.
2025-06-09T16:06:25.794+05:30  INFO 12658 --- [spring-example] [restartedMain] o.s.b.w.embedded.tomcat.TomcatWebServer  : Tomcat initialized with port 8081 (http)
2025-06-09T16:06:25.802+05:30  INFO 12658 --- [spring-example] [restartedMain] o.apache.catalina.core.StandardService   : Starting service [Tomcat]
2025-06-09T16:06:25.802+05:30  INFO 12658 --- [spring-example] [restartedMain] o.apache.catalina.core.StandardEngine    : Starting Servlet engine: [Apache Tomcat/10.1.41]
2025-06-09T16:06:25.822+05:30  INFO 12658 --- [spring-example] [restartedMain] o.a.c.c.C.[Tomcat].[localhost].[/]       : Initializing Spring embedded WebApplicationContext
2025-06-09T16:06:25.822+05:30  INFO 12658 --- [spring-example] [restartedMain] w.s.c.ServletWebServerApplicationContext : Root WebApplicationContext: initialization completed in 605 ms
2025-06-09T16:06:25.888+05:30  INFO 12658 --- [spring-example] [restartedMain] o.hibernate.jpa.internal.util.LogHelper  : HHH000204: Processing PersistenceUnitInfo [name: default]
2025-06-09T16:06:25.914+05:30  INFO 12658 --- [spring-example] [restartedMain] org.hibernate.Version                    : HHH000412: Hibernate ORM core version 6.6.15.Final
2025-06-09T16:06:25.927+05:30  INFO 12658 --- [spring-example] [restartedMain] o.h.c.internal.RegionFactoryInitiator    : HHH000026: Second-level cache disabled
2025-06-09T16:06:26.044+05:30  INFO 12658 --- [spring-example] [restartedMain] o.s.o.j.p.SpringPersistenceUnitInfo      : No LoadTimeWeaver setup: ignoring JPA class transformer
2025-06-09T16:06:26.061+05:30  INFO 12658 --- [spring-example] [restartedMain] com.zaxxer.hikari.HikariDataSource       : HikariPool-1 - Starting...
2025-06-09T16:06:26.289+05:30  INFO 12658 --- [spring-example] [restartedMain] com.zaxxer.hikari.pool.HikariPool        : HikariPool-1 - Added connection com.mysql.cj.jdbc.ConnectionImpl@1b519dce
2025-06-09T16:06:26.290+05:30  INFO 12658 --- [spring-example] [restartedMain] com.zaxxer.hikari.HikariDataSource       : HikariPool-1 - Start completed.
2025-06-09T16:06:26.333+05:30  INFO 12658 --- [spring-example] [restartedMain] org.hibernate.orm.connections.pooling    : HHH10001005: Database info:
	Database JDBC URL [Connecting through datasource 'HikariDataSource (HikariPool-1)']
	Database driver: undefined/unknown
	Database version: 9.3
	Autocommit mode: undefined/unknown
	Isolation level: undefined/unknown
	Minimum pool size: undefined/unknown
	Maximum pool size: undefined/unknown
2025-06-09T16:06:26.695+05:30  INFO 12658 --- [spring-example] [restartedMain] o.h.e.t.j.p.i.JtaPlatformInitiator       : HHH000489: No JTA platform available (set 'hibernate.transaction.jta.platform' to enable JTA platform integration)
2025-06-09T16:06:26.805+05:30  INFO 12658 --- [spring-example] [restartedMain] j.LocalContainerEntityManagerFactoryBean : Initialized JPA EntityManagerFactory for persistence unit 'default'
2025-06-09T16:06:26.904+05:30  WARN 12658 --- [spring-example] [restartedMain] JpaBaseConfiguration$JpaWebConfiguration : spring.jpa.open-in-view is enabled by default. Therefore, database queries may be performed during view rendering. Explicitly configure spring.jpa.open-in-view to disable this warning
2025-06-09T16:06:27.017+05:30  INFO 12658 --- [spring-example] [restartedMain] o.s.b.a.h2.H2ConsoleAutoConfiguration    : H2 console available at '/h2-console'. Database available at 'jdbc:mysql://localhost:3306/pet_db'
2025-06-09T16:06:27.042+05:30  INFO 12658 --- [spring-example] [restartedMain] o.s.b.d.a.OptionalLiveReloadServer       : LiveReload server is running on port 35729
2025-06-09T16:06:27.056+05:30  INFO 12658 --- [spring-example] [restartedMain] o.s.b.w.embedded.tomcat.TomcatWebServer  : Tomcat started on port 8081 (http) with context path '/'
2025-06-09T16:06:27.061+05:30  INFO 12658 --- [spring-example] [restartedMain] c.g.p.PetvacinationApplication           : Started PetvacinationApplication in 2.182 seconds (process running for 2.468)
2025-06-09T16:07:37.215+05:30  INFO 12658 --- [spring-example] [SpringApplicationShutdownHook] o.s.b.w.e.tomcat.GracefulShutdown        : Commencing graceful shutdown. Waiting for active requests to complete
2025-06-09T16:07:37.229+05:30  INFO 12658 --- [spring-example] [tomcat-shutdown] o.s.b.w.e.tomcat.GracefulShutdown        : Graceful shutdown complete
2025-06-09T16:07:37.240+05:30  INFO 12658 --- [spring-example] [SpringApplicationShutdownHook] j.LocalContainerEntityManagerFactoryBean : Closing JPA EntityManagerFactory for persistence unit 'default'
2025-06-09T16:07:37.253+05:30  INFO 12658 --- [spring-example] [SpringApplicationShutdownHook] com.zaxxer.hikari.HikariDataSource       : HikariPool-1 - Shutdown initiated...
2025-06-09T16:07:37.271+05:30  INFO 12658 --- [spring-example] [SpringApplicationShutdownHook] com.zaxxer.hikari.HikariDataSource       : HikariPool-1 - Shutdown completed.
2025-06-09T16:07:40.786+05:30  INFO 12678 --- [spring-example] [restartedMain] c.g.p.PetvacinationApplication           : Starting PetvacinationApplication using Java 22.0.1 with PID 12678 (/Users/krethik/Desktop/petvacination/target/classes started by krethik in /Users/krethik/Desktop/petvacination)
2025-06-09T16:07:40.787+05:30 DEBUG 12678 --- [spring-example] [restartedMain] c.g.p.PetvacinationApplication           : Running with Spring Boot v3.5.0, Spring v6.2.7
2025-06-09T16:07:40.787+05:30  INFO 12678 --- [spring-example] [restartedMain] c.g.p.PetvacinationApplication           : The following 2 profiles are active: "prod", "log"
2025-06-09T16:07:40.804+05:30  INFO 12678 --- [spring-example] [restartedMain] .e.DevToolsPropertyDefaultsPostProcessor : Devtools property defaults active! Set 'spring.devtools.add-properties' to 'false' to disable
2025-06-09T16:07:40.805+05:30  INFO 12678 --- [spring-example] [restartedMain] .e.DevToolsPropertyDefaultsPostProcessor : For additional web related logging consider setting the 'logging.level.web' property to 'DEBUG'
2025-06-09T16:07:41.072+05:30  INFO 12678 --- [spring-example] [restartedMain] .s.d.r.c.RepositoryConfigurationDelegate : Bootstrapping Spring Data JPA repositories in DEFAULT mode.
2025-06-09T16:07:41.094+05:30  INFO 12678 --- [spring-example] [restartedMain] .s.d.r.c.RepositoryConfigurationDelegate : Finished Spring Data repository scanning in 18 ms. Found 1 JPA repository interface.
2025-06-09T16:07:41.284+05:30  INFO 12678 --- [spring-example] [restartedMain] o.s.b.w.embedded.tomcat.TomcatWebServer  : Tomcat initialized with port 8081 (http)
2025-06-09T16:07:41.292+05:30  INFO 12678 --- [spring-example] [restartedMain] o.apache.catalina.core.StandardService   : Starting service [Tomcat]
2025-06-09T16:07:41.292+05:30  INFO 12678 --- [spring-example] [restartedMain] o.apache.catalina.core.StandardEngine    : Starting Servlet engine: [Apache Tomcat/10.1.41]
2025-06-09T16:07:41.306+05:30  INFO 12678 --- [spring-example] [restartedMain] o.a.c.c.C.[Tomcat].[localhost].[/]       : Initializing Spring embedded WebApplicationContext
2025-06-09T16:07:41.307+05:30  INFO 12678 --- [spring-example] [restartedMain] w.s.c.ServletWebServerApplicationContext : Root WebApplicationContext: initialization completed in 502 ms
2025-06-09T16:07:41.369+05:30  INFO 12678 --- [spring-example] [restartedMain] o.hibernate.jpa.internal.util.LogHelper  : HHH000204: Processing PersistenceUnitInfo [name: default]
2025-06-09T16:07:41.387+05:30  INFO 12678 --- [spring-example] [restartedMain] org.hibernate.Version                    : HHH000412: Hibernate ORM core version 6.6.15.Final
2025-06-09T16:07:41.398+05:30  INFO 12678 --- [spring-example] [restartedMain] o.h.c.internal.RegionFactoryInitiator    : HHH000026: Second-level cache disabled
2025-06-09T16:07:41.498+05:30  INFO 12678 --- [spring-example] [restartedMain] o.s.o.j.p.SpringPersistenceUnitInfo      : No LoadTimeWeaver setup: ignoring JPA class transformer
2025-06-09T16:07:41.511+05:30  INFO 12678 --- [spring-example] [restartedMain] com.zaxxer.hikari.HikariDataSource       : HikariPool-1 - Starting...
2025-06-09T16:07:41.673+05:30  INFO 12678 --- [spring-example] [restartedMain] com.zaxxer.hikari.pool.HikariPool        : HikariPool-1 - Added connection com.mysql.cj.jdbc.ConnectionImpl@1b519dce
2025-06-09T16:07:41.674+05:30  INFO 12678 --- [spring-example] [restartedMain] com.zaxxer.hikari.HikariDataSource       : HikariPool-1 - Start completed.
2025-06-09T16:07:41.718+05:30  INFO 12678 --- [spring-example] [restartedMain] org.hibernate.orm.connections.pooling    : HHH10001005: Database info:
	Database JDBC URL [Connecting through datasource 'HikariDataSource (HikariPool-1)']
	Database driver: undefined/unknown
	Database version: 9.3
	Autocommit mode: undefined/unknown
	Isolation level: undefined/unknown
	Minimum pool size: undefined/unknown
	Maximum pool size: undefined/unknown
2025-06-09T16:07:42.089+05:30  INFO 12678 --- [spring-example] [restartedMain] o.h.e.t.j.p.i.JtaPlatformInitiator       : HHH000489: No JTA platform available (set 'hibernate.transaction.jta.platform' to enable JTA platform integration)
2025-06-09T16:07:42.139+05:30  INFO 12678 --- [spring-example] [restartedMain] j.LocalContainerEntityManagerFactoryBean : Initialized JPA EntityManagerFactory for persistence unit 'default'
2025-06-09T16:07:42.239+05:30  WARN 12678 --- [spring-example] [restartedMain] JpaBaseConfiguration$JpaWebConfiguration : spring.jpa.open-in-view is enabled by default. Therefore, database queries may be performed during view rendering. Explicitly configure spring.jpa.open-in-view to disable this warning
2025-06-09T16:07:42.353+05:30  INFO 12678 --- [spring-example] [restartedMain] o.s.b.a.h2.H2ConsoleAutoConfiguration    : H2 console available at '/h2-console'. Database available at 'jdbc:mysql://localhost:3306/pet_db'
2025-06-09T16:07:42.377+05:30  INFO 12678 --- [spring-example] [restartedMain] o.s.b.d.a.OptionalLiveReloadServer       : LiveReload server is running on port 35729
2025-06-09T16:07:42.391+05:30  INFO 12678 --- [spring-example] [restartedMain] o.s.b.w.embedded.tomcat.TomcatWebServer  : Tomcat started on port 8081 (http) with context path '/'
2025-06-09T16:07:42.396+05:30  INFO 12678 --- [spring-example] [restartedMain] c.g.p.PetvacinationApplication           : Started PetvacinationApplication in 1.877 seconds (process running for 2.1)
2025-06-09T16:08:01.149+05:30  INFO 12678 --- [spring-example] [SpringApplicationShutdownHook] o.s.b.w.e.tomcat.GracefulShutdown        : Commencing graceful shutdown. Waiting for active requests to complete
2025-06-09T16:08:01.155+05:30  INFO 12678 --- [spring-example] [tomcat-shutdown] o.s.b.w.e.tomcat.GracefulShutdown        : Graceful shutdown complete
2025-06-09T16:08:01.160+05:30  INFO 12678 --- [spring-example] [SpringApplicationShutdownHook] j.LocalContainerEntityManagerFactoryBean : Closing JPA EntityManagerFactory for persistence unit 'default'
2025-06-09T16:08:01.163+05:30  INFO 12678 --- [spring-example] [SpringApplicationShutdownHook] com.zaxxer.hikari.HikariDataSource       : HikariPool-1 - Shutdown initiated...
2025-06-09T16:08:01.173+05:30  INFO 12678 --- [spring-example] [SpringApplicationShutdownHook] com.zaxxer.hikari.HikariDataSource       : HikariPool-1 - Shutdown completed.
2025-06-09T16:08:51.589+05:30  INFO 13079 --- [spring-example] [restartedMain] c.g.p.PetvacinationApplication           : Starting PetvacinationApplication using Java 22.0.1 with PID 13079 (/Users/krethik/Desktop/petvacination/target/classes started by krethik in /Users/krethik/Desktop/petvacination)
2025-06-09T16:08:51.590+05:30 DEBUG 13079 --- [spring-example] [restartedMain] c.g.p.PetvacinationApplication           : Running with Spring Boot v3.5.0, Spring v6.2.7
2025-06-09T16:08:51.591+05:30  INFO 13079 --- [spring-example] [restartedMain] c.g.p.PetvacinationApplication           : The following 2 profiles are active: "prod", "log"
2025-06-09T16:08:51.610+05:30  INFO 13079 --- [spring-example] [restartedMain] .e.DevToolsPropertyDefaultsPostProcessor : Devtools property defaults active! Set 'spring.devtools.add-properties' to 'false' to disable
2025-06-09T16:08:51.610+05:30  INFO 13079 --- [spring-example] [restartedMain] .e.DevToolsPropertyDefaultsPostProcessor : For additional web related logging consider setting the 'logging.level.web' property to 'DEBUG'
2025-06-09T16:08:51.959+05:30  INFO 13079 --- [spring-example] [restartedMain] .s.d.r.c.RepositoryConfigurationDelegate : Bootstrapping Spring Data JPA repositories in DEFAULT mode.
2025-06-09T16:08:51.984+05:30  INFO 13079 --- [spring-example] [restartedMain] .s.d.r.c.RepositoryConfigurationDelegate : Finished Spring Data repository scanning in 21 ms. Found 1 JPA repository interface.
2025-06-09T16:08:52.199+05:30  INFO 13079 --- [spring-example] [restartedMain] o.s.b.w.embedded.tomcat.TomcatWebServer  : Tomcat initialized with port 8081 (http)
2025-06-09T16:08:52.212+05:30  INFO 13079 --- [spring-example] [restartedMain] o.apache.catalina.core.StandardService   : Starting service [Tomcat]
2025-06-09T16:08:52.212+05:30  INFO 13079 --- [spring-example] [restartedMain] o.apache.catalina.core.StandardEngine    : Starting Servlet engine: [Apache Tomcat/10.1.41]
2025-06-09T16:08:52.228+05:30  INFO 13079 --- [spring-example] [restartedMain] o.a.c.c.C.[Tomcat].[localhost].[/]       : Initializing Spring embedded WebApplicationContext
2025-06-09T16:08:52.228+05:30  INFO 13079 --- [spring-example] [restartedMain] w.s.c.ServletWebServerApplicationContext : Root WebApplicationContext: initialization completed in 617 ms
2025-06-09T16:08:52.304+05:30  INFO 13079 --- [spring-example] [restartedMain] o.hibernate.jpa.internal.util.LogHelper  : HHH000204: Processing PersistenceUnitInfo [name: default]
2025-06-09T16:08:52.327+05:30  INFO 13079 --- [spring-example] [restartedMain] org.hibernate.Version                    : HHH000412: Hibernate ORM core version 6.6.15.Final
2025-06-09T16:08:52.341+05:30  INFO 13079 --- [spring-example] [restartedMain] o.h.c.internal.RegionFactoryInitiator    : HHH000026: Second-level cache disabled
2025-06-09T16:08:52.477+05:30  INFO 13079 --- [spring-example] [restartedMain] o.s.o.j.p.SpringPersistenceUnitInfo      : No LoadTimeWeaver setup: ignoring JPA class transformer
2025-06-09T16:08:52.490+05:30  INFO 13079 --- [spring-example] [restartedMain] com.zaxxer.hikari.HikariDataSource       : HikariPool-1 - Starting...
2025-06-09T16:08:52.703+05:30  INFO 13079 --- [spring-example] [restartedMain] com.zaxxer.hikari.pool.HikariPool        : HikariPool-1 - Added connection com.mysql.cj.jdbc.ConnectionImpl@36de83b9
2025-06-09T16:08:52.704+05:30  INFO 13079 --- [spring-example] [restartedMain] com.zaxxer.hikari.HikariDataSource       : HikariPool-1 - Start completed.
2025-06-09T16:08:52.754+05:30  INFO 13079 --- [spring-example] [restartedMain] org.hibernate.orm.connections.pooling    : HHH10001005: Database info:
	Database JDBC URL [Connecting through datasource 'HikariDataSource (HikariPool-1)']
	Database driver: undefined/unknown
	Database version: 9.3
	Autocommit mode: undefined/unknown
	Isolation level: undefined/unknown
	Minimum pool size: undefined/unknown
	Maximum pool size: undefined/unknown
2025-06-09T16:08:53.131+05:30  INFO 13079 --- [spring-example] [restartedMain] o.h.e.t.j.p.i.JtaPlatformInitiator       : HHH000489: No JTA platform available (set 'hibernate.transaction.jta.platform' to enable JTA platform integration)
2025-06-09T16:08:53.211+05:30  INFO 13079 --- [spring-example] [restartedMain] j.LocalContainerEntityManagerFactoryBean : Initialized JPA EntityManagerFactory for persistence unit 'default'
2025-06-09T16:08:53.317+05:30  WARN 13079 --- [spring-example] [restartedMain] JpaBaseConfiguration$JpaWebConfiguration : spring.jpa.open-in-view is enabled by default. Therefore, database queries may be performed during view rendering. Explicitly configure spring.jpa.open-in-view to disable this warning
2025-06-09T16:08:53.435+05:30  INFO 13079 --- [spring-example] [restartedMain] o.s.b.a.h2.H2ConsoleAutoConfiguration    : H2 console available at '/h2-console'. Database available at 'jdbc:mysql://localhost:3306/pet_db'
2025-06-09T16:08:53.458+05:30  INFO 13079 --- [spring-example] [restartedMain] o.s.b.d.a.OptionalLiveReloadServer       : LiveReload server is running on port 35729
2025-06-09T16:08:53.474+05:30  INFO 13079 --- [spring-example] [restartedMain] o.s.b.w.embedded.tomcat.TomcatWebServer  : Tomcat started on port 8081 (http) with context path '/'
2025-06-09T16:08:53.479+05:30  INFO 13079 --- [spring-example] [restartedMain] c.g.p.PetvacinationApplication           : Started PetvacinationApplication in 2.201 seconds (process running for 2.499)
2025-06-09T16:09:09.336+05:30  INFO 13079 --- [spring-example] [http-nio-8081-exec-1] o.a.c.c.C.[Tomcat].[localhost].[/]       : Initializing Spring DispatcherServlet 'dispatcherServlet'
2025-06-09T16:09:09.372+05:30  INFO 13079 --- [spring-example] [http-nio-8081-exec-1] c.g.p.controller.PetDetailsController    : Received request to get pet by ID: 1
2025-06-09T16:09:09.412+05:30 DEBUG 13079 --- [spring-example] [http-nio-8081-exec-1] c.g.p.service.PetServiceImplementation   : pet with ID: 1 not found in repository.
2025-06-09T16:09:09.412+05:30  WARN 13079 --- [spring-example] [http-nio-8081-exec-1] c.g.p.controller.PetDetailsController    : Pet with ID 1 not found. Throwing PetNotFoundException.
2025-06-09T16:09:09.414+05:30  WARN 13079 --- [spring-example] [http-nio-8081-exec-1] c.g.p.e.GlobalExceptionHandler           : PetNotFoundException: Pet with ID: 1 was not found.
2025-06-09T16:09:09.440+05:30  WARN 13079 --- [spring-example] [http-nio-8081-exec-1] .m.m.a.ExceptionHandlerExceptionResolver : Resolved [com.gevernova.petvacination.exceptionhandling.PetNotFoundException: Pet with ID: 1 was not found.]
2025-06-09T16:09:16.911+05:30  INFO 13079 --- [spring-example] [http-nio-8081-exec-3] c.g.p.controller.PetDetailsController    : Received request to register a new pet for owner: Krethik yadav
2025-06-09T16:09:16.912+05:30 DEBUG 13079 --- [spring-example] [http-nio-8081-exec-3] c.g.p.service.PetServiceImplementation   : Converting PetDetailsRequestDTO to PetDetails entity using Builder.
2025-06-09T16:09:16.912+05:30  INFO 13079 --- [spring-example] [http-nio-8081-exec-3] c.g.p.service.PetServiceImplementation   : Saving new Pet Details Roxy
2025-06-09T16:09:16.953+05:30  INFO 13079 --- [spring-example] [http-nio-8081-exec-3] c.g.p.service.PetServiceImplementation   : Pet Details Saved with ID:1
2025-06-09T16:09:16.953+05:30 DEBUG 13079 --- [spring-example] [http-nio-8081-exec-3] c.g.p.service.PetServiceImplementation   : Converting pet entity with ID 1 to PetDataDTO using Builder.
2025-06-09T16:09:16.954+05:30  INFO 13079 --- [spring-example] [http-nio-8081-exec-3] c.g.p.controller.PetDetailsController    : Pet registered successfully with ID: 1
2025-06-09T16:09:19.802+05:30  INFO 13079 --- [spring-example] [http-nio-8081-exec-4] c.g.p.controller.PetDetailsController    : Received request to register a new pet for owner: Krethik yadav
2025-06-09T16:09:19.803+05:30 DEBUG 13079 --- [spring-example] [http-nio-8081-exec-4] c.g.p.service.PetServiceImplementation   : Converting PetDetailsRequestDTO to PetDetails entity using Builder.
2025-06-09T16:09:19.804+05:30  INFO 13079 --- [spring-example] [http-nio-8081-exec-4] c.g.p.service.PetServiceImplementation   : Saving new Pet Details Roxy
2025-06-09T16:09:19.815+05:30  INFO 13079 --- [spring-example] [http-nio-8081-exec-4] c.g.p.service.PetServiceImplementation   : Pet Details Saved with ID:2
2025-06-09T16:09:19.815+05:30 DEBUG 13079 --- [spring-example] [http-nio-8081-exec-4] c.g.p.service.PetServiceImplementation   : Converting pet entity with ID 2 to PetDataDTO using Builder.
2025-06-09T16:09:19.815+05:30  INFO 13079 --- [spring-example] [http-nio-8081-exec-4] c.g.p.controller.PetDetailsController    : Pet registered successfully with ID: 2
2025-06-09T16:09:20.602+05:30  INFO 13079 --- [spring-example] [http-nio-8081-exec-5] c.g.p.controller.PetDetailsController    : Received request to register a new pet for owner: Krethik yadav
2025-06-09T16:09:20.602+05:30 DEBUG 13079 --- [spring-example] [http-nio-8081-exec-5] c.g.p.service.PetServiceImplementation   : Converting PetDetailsRequestDTO to PetDetails entity using Builder.
2025-06-09T16:09:20.603+05:30  INFO 13079 --- [spring-example] [http-nio-8081-exec-5] c.g.p.service.PetServiceImplementation   : Saving new Pet Details Roxy
2025-06-09T16:09:20.614+05:30  INFO 13079 --- [spring-example] [http-nio-8081-exec-5] c.g.p.service.PetServiceImplementation   : Pet Details Saved with ID:3
2025-06-09T16:09:20.614+05:30 DEBUG 13079 --- [spring-example] [http-nio-8081-exec-5] c.g.p.service.PetServiceImplementation   : Converting pet entity with ID 3 to PetDataDTO using Builder.
2025-06-09T16:09:20.614+05:30  INFO 13079 --- [spring-example] [http-nio-8081-exec-5] c.g.p.controller.PetDetailsController    : Pet registered successfully with ID: 3
2025-06-09T16:09:20.925+05:30  INFO 13079 --- [spring-example] [http-nio-8081-exec-6] c.g.p.controller.PetDetailsController    : Received request to register a new pet for owner: Krethik yadav
2025-06-09T16:09:20.926+05:30 DEBUG 13079 --- [spring-example] [http-nio-8081-exec-6] c.g.p.service.PetServiceImplementation   : Converting PetDetailsRequestDTO to PetDetails entity using Builder.
2025-06-09T16:09:20.926+05:30  INFO 13079 --- [spring-example] [http-nio-8081-exec-6] c.g.p.service.PetServiceImplementation   : Saving new Pet Details Roxy
2025-06-09T16:09:20.934+05:30  INFO 13079 --- [spring-example] [http-nio-8081-exec-6] c.g.p.service.PetServiceImplementation   : Pet Details Saved with ID:4
2025-06-09T16:09:20.934+05:30 DEBUG 13079 --- [spring-example] [http-nio-8081-exec-6] c.g.p.service.PetServiceImplementation   : Converting pet entity with ID 4 to PetDataDTO using Builder.
2025-06-09T16:09:20.934+05:30  INFO 13079 --- [spring-example] [http-nio-8081-exec-6] c.g.p.controller.PetDetailsController    : Pet registered successfully with ID: 4
2025-06-09T16:10:34.220+05:30  INFO 13079 --- [spring-example] [http-nio-8081-exec-9] c.g.p.controller.PetDetailsController    : Received request to get pet by ID: 1
2025-06-09T16:10:34.248+05:30 DEBUG 13079 --- [spring-example] [http-nio-8081-exec-9] c.g.p.service.PetServiceImplementation   : Fetched pet Details for Pet ID: 1
2025-06-09T16:10:34.249+05:30 DEBUG 13079 --- [spring-example] [http-nio-8081-exec-9] c.g.p.service.PetServiceImplementation   : Converting pet entity with ID 1 to PetDataDTO using Builder.
2025-06-09T16:11:20.879+05:30  INFO 13079 --- [spring-example] [SpringApplicationShutdownHook] o.s.b.w.e.tomcat.GracefulShutdown        : Commencing graceful shutdown. Waiting for active requests to complete
2025-06-09T16:11:20.884+05:30  INFO 13079 --- [spring-example] [tomcat-shutdown] o.s.b.w.e.tomcat.GracefulShutdown        : Graceful shutdown complete
2025-06-09T16:11:20.887+05:30  INFO 13079 --- [spring-example] [SpringApplicationShutdownHook] j.LocalContainerEntityManagerFactoryBean : Closing JPA EntityManagerFactory for persistence unit 'default'
2025-06-09T16:11:20.892+05:30  INFO 13079 --- [spring-example] [SpringApplicationShutdownHook] com.zaxxer.hikari.HikariDataSource       : HikariPool-1 - Shutdown initiated...
2025-06-09T16:11:20.896+05:30  INFO 13079 --- [spring-example] [SpringApplicationShutdownHook] com.zaxxer.hikari.HikariDataSource       : HikariPool-1 - Shutdown completed.
2025-06-09T21:58:08.784+05:30  INFO 16331 --- [spring-example] [restartedMain] c.g.p.PetvacinationApplication           : Starting PetvacinationApplication using Java 22.0.1 with PID 16331 (/Users/krethik/Desktop/petvacination/target/classes started by krethik in /Users/krethik/Desktop/petvacination)
2025-06-09T21:58:08.785+05:30 DEBUG 16331 --- [spring-example] [restartedMain] c.g.p.PetvacinationApplication           : Running with Spring Boot v3.5.0, Spring v6.2.7
2025-06-09T21:58:08.786+05:30  INFO 16331 --- [spring-example] [restartedMain] c.g.p.PetvacinationApplication           : The following 2 profiles are active: "prod", "log"
2025-06-09T21:58:08.812+05:30  INFO 16331 --- [spring-example] [restartedMain] .e.DevToolsPropertyDefaultsPostProcessor : Devtools property defaults active! Set 'spring.devtools.add-properties' to 'false' to disable
2025-06-09T21:58:08.812+05:30  INFO 16331 --- [spring-example] [restartedMain] .e.DevToolsPropertyDefaultsPostProcessor : For additional web related logging consider setting the 'logging.level.web' property to 'DEBUG'
2025-06-09T21:58:09.135+05:30  INFO 16331 --- [spring-example] [restartedMain] .s.d.r.c.RepositoryConfigurationDelegate : Bootstrapping Spring Data JPA repositories in DEFAULT mode.
2025-06-09T21:58:09.157+05:30  INFO 16331 --- [spring-example] [restartedMain] .s.d.r.c.RepositoryConfigurationDelegate : Finished Spring Data repository scanning in 18 ms. Found 1 JPA repository interface.
2025-06-09T21:58:09.379+05:30  INFO 16331 --- [spring-example] [restartedMain] o.s.b.w.embedded.tomcat.TomcatWebServer  : Tomcat initialized with port 8081 (http)
2025-06-09T21:58:09.389+05:30  INFO 16331 --- [spring-example] [restartedMain] o.apache.catalina.core.StandardService   : Starting service [Tomcat]
2025-06-09T21:58:09.389+05:30  INFO 16331 --- [spring-example] [restartedMain] o.apache.catalina.core.StandardEngine    : Starting Servlet engine: [Apache Tomcat/10.1.41]
2025-06-09T21:58:09.410+05:30  INFO 16331 --- [spring-example] [restartedMain] o.a.c.c.C.[Tomcat].[localhost].[/]       : Initializing Spring embedded WebApplicationContext
2025-06-09T21:58:09.410+05:30  INFO 16331 --- [spring-example] [restartedMain] w.s.c.ServletWebServerApplicationContext : Root WebApplicationContext: initialization completed in 598 ms
2025-06-09T21:58:09.482+05:30  INFO 16331 --- [spring-example] [restartedMain] o.hibernate.jpa.internal.util.LogHelper  : HHH000204: Processing PersistenceUnitInfo [name: default]
2025-06-09T21:58:09.509+05:30  INFO 16331 --- [spring-example] [restartedMain] org.hibernate.Version                    : HHH000412: Hibernate ORM core version 6.6.15.Final
2025-06-09T21:58:09.521+05:30  INFO 16331 --- [spring-example] [restartedMain] o.h.c.internal.RegionFactoryInitiator    : HHH000026: Second-level cache disabled
2025-06-09T21:58:09.639+05:30  INFO 16331 --- [spring-example] [restartedMain] o.s.o.j.p.SpringPersistenceUnitInfo      : No LoadTimeWeaver setup: ignoring JPA class transformer
2025-06-09T21:58:09.653+05:30  INFO 16331 --- [spring-example] [restartedMain] com.zaxxer.hikari.HikariDataSource       : HikariPool-1 - Starting...
2025-06-09T21:58:09.903+05:30  INFO 16331 --- [spring-example] [restartedMain] com.zaxxer.hikari.pool.HikariPool        : HikariPool-1 - Added connection com.mysql.cj.jdbc.ConnectionImpl@1b519dce
2025-06-09T21:58:09.903+05:30  INFO 16331 --- [spring-example] [restartedMain] com.zaxxer.hikari.HikariDataSource       : HikariPool-1 - Start completed.
2025-06-09T21:58:09.952+05:30  INFO 16331 --- [spring-example] [restartedMain] org.hibernate.orm.connections.pooling    : HHH10001005: Database info:
	Database JDBC URL [Connecting through datasource 'HikariDataSource (HikariPool-1)']
	Database driver: undefined/unknown
	Database version: 9.3
	Autocommit mode: undefined/unknown
	Isolation level: undefined/unknown
	Minimum pool size: undefined/unknown
	Maximum pool size: undefined/unknown
2025-06-09T21:58:10.327+05:30  INFO 16331 --- [spring-example] [restartedMain] o.h.e.t.j.p.i.JtaPlatformInitiator       : HHH000489: No JTA platform available (set 'hibernate.transaction.jta.platform' to enable JTA platform integration)
2025-06-09T21:58:10.382+05:30  INFO 16331 --- [spring-example] [restartedMain] j.LocalContainerEntityManagerFactoryBean : Initialized JPA EntityManagerFactory for persistence unit 'default'
2025-06-09T21:58:10.483+05:30  WARN 16331 --- [spring-example] [restartedMain] JpaBaseConfiguration$JpaWebConfiguration : spring.jpa.open-in-view is enabled by default. Therefore, database queries may be performed during view rendering. Explicitly configure spring.jpa.open-in-view to disable this warning
2025-06-09T21:58:10.603+05:30  INFO 16331 --- [spring-example] [restartedMain] o.s.b.a.h2.H2ConsoleAutoConfiguration    : H2 console available at '/h2-console'. Database available at 'jdbc:mysql://localhost:3306/pet_db'
2025-06-09T21:58:10.627+05:30  INFO 16331 --- [spring-example] [restartedMain] o.s.b.d.a.OptionalLiveReloadServer       : LiveReload server is running on port 35729
2025-06-09T21:58:10.641+05:30  INFO 16331 --- [spring-example] [restartedMain] o.s.b.w.embedded.tomcat.TomcatWebServer  : Tomcat started on port 8081 (http) with context path '/'
2025-06-09T21:58:10.646+05:30  INFO 16331 --- [spring-example] [restartedMain] c.g.p.PetvacinationApplication           : Started PetvacinationApplication in 2.145 seconds (process running for 2.406)
2025-06-09T21:58:42.765+05:30  INFO 16331 --- [spring-example] [SpringApplicationShutdownHook] o.s.b.w.e.tomcat.GracefulShutdown        : Commencing graceful shutdown. Waiting for active requests to complete
2025-06-09T21:58:44.849+05:30  INFO 16331 --- [spring-example] [tomcat-shutdown] o.s.b.w.e.tomcat.GracefulShutdown        : Graceful shutdown complete
2025-06-09T21:58:44.877+05:30  INFO 16331 --- [spring-example] [SpringApplicationShutdownHook] j.LocalContainerEntityManagerFactoryBean : Closing JPA EntityManagerFactory for persistence unit 'default'
2025-06-09T21:58:44.892+05:30  INFO 16331 --- [spring-example] [SpringApplicationShutdownHook] com.zaxxer.hikari.HikariDataSource       : HikariPool-1 - Shutdown initiated...
2025-06-09T21:58:44.900+05:30  INFO 16331 --- [spring-example] [SpringApplicationShutdownHook] com.zaxxer.hikari.HikariDataSource       : HikariPool-1 - Shutdown completed.
2025-06-09T21:58:54.833+05:30  INFO 16342 --- [spring-example] [restartedMain] c.g.p.PetvacinationApplication           : Starting PetvacinationApplication using Java 22.0.1 with PID 16342 (/Users/krethik/Desktop/petvacination/target/classes started by krethik in /Users/krethik/Desktop/petvacination)
2025-06-09T21:58:54.833+05:30 DEBUG 16342 --- [spring-example] [restartedMain] c.g.p.PetvacinationApplication           : Running with Spring Boot v3.5.0, Spring v6.2.7
2025-06-09T21:58:54.834+05:30  INFO 16342 --- [spring-example] [restartedMain] c.g.p.PetvacinationApplication           : The following 2 profiles are active: "prod", "log"
2025-06-09T21:58:54.850+05:30  INFO 16342 --- [spring-example] [restartedMain] .e.DevToolsPropertyDefaultsPostProcessor : Devtools property defaults active! Set 'spring.devtools.add-properties' to 'false' to disable
2025-06-09T21:58:54.850+05:30  INFO 16342 --- [spring-example] [restartedMain] .e.DevToolsPropertyDefaultsPostProcessor : For additional web related logging consider setting the 'logging.level.web' property to 'DEBUG'
2025-06-09T21:58:55.147+05:30  INFO 16342 --- [spring-example] [restartedMain] .s.d.r.c.RepositoryConfigurationDelegate : Bootstrapping Spring Data JPA repositories in DEFAULT mode.
2025-06-09T21:58:55.170+05:30  INFO 16342 --- [spring-example] [restartedMain] .s.d.r.c.RepositoryConfigurationDelegate : Finished Spring Data repository scanning in 19 ms. Found 1 JPA repository interface.
2025-06-09T21:58:55.364+05:30  INFO 16342 --- [spring-example] [restartedMain] o.s.b.w.embedded.tomcat.TomcatWebServer  : Tomcat initialized with port 8081 (http)
2025-06-09T21:58:55.371+05:30  INFO 16342 --- [spring-example] [restartedMain] o.apache.catalina.core.StandardService   : Starting service [Tomcat]
2025-06-09T21:58:55.372+05:30  INFO 16342 --- [spring-example] [restartedMain] o.apache.catalina.core.StandardEngine    : Starting Servlet engine: [Apache Tomcat/10.1.41]
2025-06-09T21:58:55.390+05:30  INFO 16342 --- [spring-example] [restartedMain] o.a.c.c.C.[Tomcat].[localhost].[/]       : Initializing Spring embedded WebApplicationContext
2025-06-09T21:58:55.391+05:30  INFO 16342 --- [spring-example] [restartedMain] w.s.c.ServletWebServerApplicationContext : Root WebApplicationContext: initialization completed in 541 ms
2025-06-09T21:58:55.457+05:30  INFO 16342 --- [spring-example] [restartedMain] o.hibernate.jpa.internal.util.LogHelper  : HHH000204: Processing PersistenceUnitInfo [name: default]
2025-06-09T21:58:55.477+05:30  INFO 16342 --- [spring-example] [restartedMain] org.hibernate.Version                    : HHH000412: Hibernate ORM core version 6.6.15.Final
2025-06-09T21:58:55.488+05:30  INFO 16342 --- [spring-example] [restartedMain] o.h.c.internal.RegionFactoryInitiator    : HHH000026: Second-level cache disabled
2025-06-09T21:58:55.592+05:30  INFO 16342 --- [spring-example] [restartedMain] o.s.o.j.p.SpringPersistenceUnitInfo      : No LoadTimeWeaver setup: ignoring JPA class transformer
2025-06-09T21:58:55.605+05:30  INFO 16342 --- [spring-example] [restartedMain] com.zaxxer.hikari.HikariDataSource       : HikariPool-1 - Starting...
2025-06-09T21:58:55.772+05:30  INFO 16342 --- [spring-example] [restartedMain] com.zaxxer.hikari.pool.HikariPool        : HikariPool-1 - Added connection com.mysql.cj.jdbc.ConnectionImpl@646d70ad
2025-06-09T21:58:55.772+05:30  INFO 16342 --- [spring-example] [restartedMain] com.zaxxer.hikari.HikariDataSource       : HikariPool-1 - Start completed.
2025-06-09T21:58:55.812+05:30  INFO 16342 --- [spring-example] [restartedMain] org.hibernate.orm.connections.pooling    : HHH10001005: Database info:
	Database JDBC URL [Connecting through datasource 'HikariDataSource (HikariPool-1)']
	Database driver: undefined/unknown
	Database version: 9.3
	Autocommit mode: undefined/unknown
	Isolation level: undefined/unknown
	Minimum pool size: undefined/unknown
	Maximum pool size: undefined/unknown
2025-06-09T21:58:56.158+05:30  INFO 16342 --- [spring-example] [restartedMain] o.h.e.t.j.p.i.JtaPlatformInitiator       : HHH000489: No JTA platform available (set 'hibernate.transaction.jta.platform' to enable JTA platform integration)
2025-06-09T21:58:56.207+05:30  INFO 16342 --- [spring-example] [restartedMain] j.LocalContainerEntityManagerFactoryBean : Initialized JPA EntityManagerFactory for persistence unit 'default'
2025-06-09T21:58:56.304+05:30  WARN 16342 --- [spring-example] [restartedMain] JpaBaseConfiguration$JpaWebConfiguration : spring.jpa.open-in-view is enabled by default. Therefore, database queries may be performed during view rendering. Explicitly configure spring.jpa.open-in-view to disable this warning
2025-06-09T21:58:56.413+05:30  INFO 16342 --- [spring-example] [restartedMain] o.s.b.a.h2.H2ConsoleAutoConfiguration    : H2 console available at '/h2-console'. Database available at 'jdbc:mysql://localhost:3306/pet_db'
2025-06-09T21:58:56.436+05:30  INFO 16342 --- [spring-example] [restartedMain] o.s.b.d.a.OptionalLiveReloadServer       : LiveReload server is running on port 35729
2025-06-09T21:58:56.450+05:30  INFO 16342 --- [spring-example] [restartedMain] o.s.b.w.embedded.tomcat.TomcatWebServer  : Tomcat started on port 8081 (http) with context path '/'
2025-06-09T21:58:56.455+05:30  INFO 16342 --- [spring-example] [restartedMain] c.g.p.PetvacinationApplication           : Started PetvacinationApplication in 1.925 seconds (process running for 2.171)
2025-06-09T21:59:02.326+05:30  INFO 16342 --- [spring-example] [SpringApplicationShutdownHook] o.s.b.w.e.tomcat.GracefulShutdown        : Commencing graceful shutdown. Waiting for active requests to complete
2025-06-09T21:59:04.342+05:30  INFO 16342 --- [spring-example] [tomcat-shutdown] o.s.b.w.e.tomcat.GracefulShutdown        : Graceful shutdown complete
2025-06-09T21:59:04.354+05:30  INFO 16342 --- [spring-example] [SpringApplicationShutdownHook] j.LocalContainerEntityManagerFactoryBean : Closing JPA EntityManagerFactory for persistence unit 'default'
2025-06-09T21:59:04.374+05:30  INFO 16342 --- [spring-example] [SpringApplicationShutdownHook] com.zaxxer.hikari.HikariDataSource       : HikariPool-1 - Shutdown initiated...
2025-06-09T21:59:04.383+05:30  INFO 16342 --- [spring-example] [SpringApplicationShutdownHook] com.zaxxer.hikari.HikariDataSource       : HikariPool-1 - Shutdown completed.
